<?xml version="1.0" encoding="UTF-8"?>
<!-- Generated by org.testng.reporters.JUnitReportReporter -->
<testsuite hostname="LAPTOP-IVSE7IHH" name="co.shuchi.automation.testcases.LaunchBrowserTest" tests="1" failures="0" timestamp="30 Aug 2018 04:15:57 GMT" time="0.002" errors="0">
  <testcase name="checkBrowser" time="0.002" classname="co.shuchi.automation.testcases.LaunchBrowserTest"/>
</testsuite> <!-- co.shuchi.automation.testcases.LaunchBrowserTest -->
